# JRE version: Java(TM) SE Runtime Environment (8.0_191-b12) (build 1.8.0_191-b12)
# Java VM: Java HotSpot(TM) 64-Bit Server VM (25.191-b12 mixed mode windows-amd64 compressed oops)
Heap:
 PSYoungGen      total 114176K, used 98304K [0x0000000740c00000, 0x000000074eb00000, 0x00000007c0000000)
  eden space 98304K, 100% used [0x0000000740c00000,0x0000000746c00000,0x0000000746c00000)
  from space 15872K, 0% used [0x0000000746c00000,0x0000000746c00000,0x0000000747b80000)
  to   space 15872K, 16% used [0x000000074db80000,0x000000074de02c18,0x000000074eb00000)
 ParOldGen       total 147968K, used 7810K [0x0000000642400000, 0x000000064b480000, 0x0000000740c00000)
  object space 147968K, 5% used [0x0000000642400000,0x0000000642ba0ae0,0x000000064b480000)
 Metaspace       used 23117K, capacity 24088K, committed 24320K, reserved 1071104K
  class space    used 2779K, capacity 3012K, committed 3072K, reserved 1048576K
GC Heap History (9 events):
Event: 1.451 GC heap before
{Heap before GC invocations=1 (full 0):
 PSYoungGen      total 114176K, used 98304K [0x0000000740c00000, 0x0000000748b00000, 0x00000007c0000000)
  eden space 98304K, 100% used [0x0000000740c00000,0x0000000746c00000,0x0000000746c00000)
  from space 15872K, 0% used [0x0000000747b80000,0x0000000747b80000,0x0000000748b00000)
  to   space 15872K, 0% used [0x0000000746c00000,0x0000000746c00000,0x0000000747b80000)
 ParOldGen       total 261120K, used 0K [0x0000000642400000, 0x0000000652300000, 0x0000000740c00000)
  object space 261120K, 0% used [0x0000000642400000,0x0000000642400000,0x0000000652300000)
 Metaspace       used 9930K, capacity 10152K, committed 10496K, reserved 1058816K
  class space    used 1094K, capacity 1188K, committed 1280K, reserved 1048576K
Event: 1.460 GC heap after
Heap after GC invocations=1 (full 0):
 PSYoungGen      total 114176K, used 6172K [0x0000000740c00000, 0x0000000748b00000, 0x00000007c0000000)
  eden space 98304K, 0% used [0x0000000740c00000,0x0000000740c00000,0x0000000746c00000)
  from space 15872K, 38% used [0x0000000746c00000,0x0000000747207330,0x0000000747b80000)
  to   space 15872K, 0% used [0x0000000747b80000,0x0000000747b80000,0x0000000748b00000)
 ParOldGen       total 261120K, used 16K [0x0000000642400000, 0x0000000652300000, 0x0000000740c00000)
  object space 261120K, 0% used [0x0000000642400000,0x0000000642404000,0x0000000652300000)
 Metaspace       used 9930K, capacity 10152K, committed 10496K, reserved 1058816K
  class space    used 1094K, capacity 1188K, committed 1280K, reserved 1048576K
}
Event: 2.647 GC heap before
{Heap before GC invocations=2 (full 0):
 PSYoungGen      total 114176K, used 104476K [0x0000000740c00000, 0x0000000748b00000, 0x00000007c0000000)
  eden space 98304K, 100% used [0x0000000740c00000,0x0000000746c00000,0x0000000746c00000)
  from space 15872K, 38% used [0x0000000746c00000,0x0000000747207330,0x0000000747b80000)
  to   space 15872K, 0% used [0x0000000747b80000,0x0000000747b80000,0x0000000748b00000)
 ParOldGen       total 261120K, used 16K [0x0000000642400000, 0x0000000652300000, 0x0000000740c00000)
  object space 261120K, 0% used [0x0000000642400000,0x0000000642404000,0x0000000652300000)
 Metaspace       used 17157K, capacity 17852K, committed 18176K, reserved 1064960K
  class space    used 2041K, capacity 2225K, committed 2304K, reserved 1048576K
Event: 2.675 GC heap after
Heap after GC invocations=2 (full 0):
 PSYoungGen      total 114176K, used 8916K [0x0000000740c00000, 0x000000074eb00000, 0x00000007c0000000)
  eden space 98304K, 0% used [0x0000000740c00000,0x0000000740c00000,0x0000000746c00000)
  from space 15872K, 56% used [0x0000000747b80000,0x0000000748435170,0x0000000748b00000)
  to   space 15872K, 0% used [0x0000000746c00000,0x0000000746c00000,0x0000000747b80000)
 ParOldGen       total 261120K, used 24K [0x0000000642400000, 0x0000000652300000, 0x0000000740c00000)
  object space 261120K, 0% used [0x0000000642400000,0x0000000642406000,0x0000000652300000)
 Metaspace       used 17157K, capacity 17852K, committed 18176K, reserved 1064960K
  class space    used 2041K, capacity 2225K, committed 2304K, reserved 1048576K
}
Event: 3.071 GC heap before
{Heap before GC invocations=3 (full 0):
 PSYoungGen      total 114176K, used 66208K [0x0000000740c00000, 0x000000074eb00000, 0x00000007c0000000)
  eden space 98304K, 58% used [0x0000000740c00000,0x00000007443f3088,0x0000000746c00000)
  from space 15872K, 56% used [0x0000000747b80000,0x0000000748435170,0x0000000748b00000)
  to   space 15872K, 0% used [0x0000000746c00000,0x0000000746c00000,0x0000000747b80000)
 ParOldGen       total 261120K, used 24K [0x0000000642400000, 0x0000000652300000, 0x0000000740c00000)
  object space 261120K, 0% used [0x0000000642400000,0x0000000642406000,0x0000000652300000)
 Metaspace       used 20433K, capacity 21208K, committed 21296K, reserved 1069056K
  class space    used 2469K, capacity 2683K, committed 2688K, reserved 1048576K
Event: 3.079 GC heap after
Heap after GC invocations=3 (full 0):
 PSYoungGen      total 114176K, used 8202K [0x0000000740c00000, 0x000000074eb00000, 0x00000007c0000000)
  eden space 98304K, 0% used [0x0000000740c00000,0x0000000740c00000,0x0000000746c00000)
  from space 15872K, 51% used [0x0000000746c00000,0x0000000747402b80,0x0000000747b80000)
  to   space 15872K, 0% used [0x000000074db80000,0x000000074db80000,0x000000074eb00000)
 ParOldGen       total 261120K, used 32K [0x0000000642400000, 0x0000000652300000, 0x0000000740c00000)
  object space 261120K, 0% used [0x0000000642400000,0x0000000642408000,0x0000000652300000)
 Metaspace       used 20433K, capacity 21208K, committed 21296K, reserved 1069056K
  class space    used 2469K, capacity 2683K, committed 2688K, reserved 1048576K
}
Event: 3.079 GC heap before
{Heap before GC invocations=4 (full 1):
 PSYoungGen      total 114176K, used 8202K [0x0000000740c00000, 0x000000074eb00000, 0x00000007c0000000)
  eden space 98304K, 0% used [0x0000000740c00000,0x0000000740c00000,0x0000000746c00000)
  from space 15872K, 51% used [0x0000000746c00000,0x0000000747402b80,0x0000000747b80000)
  to   space 15872K, 0% used [0x000000074db80000,0x000000074db80000,0x000000074eb00000)
 ParOldGen       total 261120K, used 32K [0x0000000642400000, 0x0000000652300000, 0x0000000740c00000)
  object space 261120K, 0% used [0x0000000642400000,0x0000000642408000,0x0000000652300000)
 Metaspace       used 20433K, capacity 21208K, committed 21296K, reserved 1069056K
  class space    used 2469K, capacity 2683K, committed 2688K, reserved 1048576K
Event: 3.116 GC heap after
Heap after GC invocations=4 (full 1):
 PSYoungGen      total 114176K, used 0K [0x0000000740c00000, 0x000000074eb00000, 0x00000007c0000000)
  eden space 98304K, 0% used [0x0000000740c00000,0x0000000740c00000,0x0000000746c00000)
  from space 15872K, 0% used [0x0000000746c00000,0x0000000746c00000,0x0000000747b80000)
  to   space 15872K, 0% used [0x000000074db80000,0x000000074db80000,0x000000074eb00000)
 ParOldGen       total 147968K, used 7802K [0x0000000642400000, 0x000000064b480000, 0x0000000740c00000)
  object space 147968K, 5% used [0x0000000642400000,0x0000000642b9eae0,0x000000064b480000)
 Metaspace       used 20433K, capacity 21208K, committed 21296K, reserved 1069056K
  class space    used 2469K, capacity 2683K, committed 2688K, reserved 1048576K
}
Event: 4.578 GC heap before
{Heap before GC invocations=5 (full 1):
 PSYoungGen      total 114176K, used 98304K [0x0000000740c00000, 0x000000074eb00000, 0x00000007c0000000)
  eden space 98304K, 100% used [0x0000000740c00000,0x0000000746c00000,0x0000000746c00000)
  from space 15872K, 0% used [0x0000000746c00000,0x0000000746c00000,0x0000000747b80000)
  to   space 15872K, 0% used [0x000000074db80000,0x000000074db80000,0x000000074eb00000)
 ParOldGen       total 147968K, used 7802K [0x0000000642400000, 0x000000064b480000, 0x0000000740c00000)
  object space 147968K, 5% used [0x0000000642400000,0x0000000642b9eae0,0x000000064b480000)
 Metaspace       used 23117K, capacity 24088K, committed 24320K, reserved 1071104K
  class space    used 2779K, capacity 3012K, committed 3072K, reserved 1048576K

