# JRE version: Java(TM) SE Runtime Environment (8.0_191-b12) (build 1.8.0_191-b12)
# Java VM: Java HotSpot(TM) 64-Bit Server VM (25.191-b12 mixed mode windows-amd64 compressed oops)
Heap:
 PSYoungGen      total 288768K, used 272067K [0x0000000740c00000, 0x0000000756600000, 0x00000007c0000000)
  eden space 269824K, 95% used [0x0000000740c00000,0x00000007508d53c0,0x0000000751380000)
  from space 18944K, 69% used [0x0000000751380000,0x000000075205ba90,0x0000000752600000)
  to   space 19456K, 0% used [0x0000000755300000,0x0000000755300000,0x0000000756600000)
 ParOldGen       total 370688K, used 28475K [0x0000000642400000, 0x0000000658e00000, 0x0000000740c00000)
  object space 370688K, 7% used [0x0000000642400000,0x0000000643fcee18,0x0000000658e00000)
 Metaspace       used 70557K, capacity 75262K, committed 75392K, reserved 1114112K
  class space    used 9253K, capacity 10040K, committed 10112K, reserved 1048576K
GC Heap History (10 events):
Event: 5.662 GC heap before
{Heap before GC invocations=8 (full 2):
 PSYoungGen      total 214016K, used 12189K [0x0000000740c00000, 0x0000000752780000, 0x00000007c0000000)
  eden space 201728K, 0% used [0x0000000740c00000,0x0000000740c00000,0x000000074d100000)
  from space 12288K, 99% used [0x000000074df00000,0x000000074eae7600,0x000000074eb00000)
  to   space 14336K, 0% used [0x000000074d100000,0x000000074d100000,0x000000074df00000)
 ParOldGen       total 155648K, used 7403K [0x0000000642400000, 0x000000064bc00000, 0x0000000740c00000)
  object space 155648K, 4% used [0x0000000642400000,0x0000000642b3af88,0x000000064bc00000)
 Metaspace       used 33258K, capacity 35430K, committed 35496K, reserved 1081344K
  class space    used 4204K, capacity 4601K, committed 4608K, reserved 1048576K
Event: 5.732 GC heap after
Heap after GC invocations=8 (full 2):
 PSYoungGen      total 214016K, used 0K [0x0000000740c00000, 0x0000000752780000, 0x00000007c0000000)
  eden space 201728K, 0% used [0x0000000740c00000,0x0000000740c00000,0x000000074d100000)
  from space 12288K, 0% used [0x000000074df00000,0x000000074df00000,0x000000074eb00000)
  to   space 14336K, 0% used [0x000000074d100000,0x000000074d100000,0x000000074df00000)
 ParOldGen       total 254464K, used 16093K [0x0000000642400000, 0x0000000651c80000, 0x0000000740c00000)
  object space 254464K, 6% used [0x0000000642400000,0x00000006433b7650,0x0000000651c80000)
 Metaspace       used 33258K, capacity 35430K, committed 35496K, reserved 1081344K
  class space    used 4204K, capacity 4601K, committed 4608K, reserved 1048576K
}
Event: 8.219 GC heap before
{Heap before GC invocations=9 (full 2):
 PSYoungGen      total 214016K, used 201728K [0x0000000740c00000, 0x0000000752780000, 0x00000007c0000000)
  eden space 201728K, 100% used [0x0000000740c00000,0x000000074d100000,0x000000074d100000)
  from space 12288K, 0% used [0x000000074df00000,0x000000074df00000,0x000000074eb00000)
  to   space 14336K, 0% used [0x000000074d100000,0x000000074d100000,0x000000074df00000)
 ParOldGen       total 254464K, used 16093K [0x0000000642400000, 0x0000000651c80000, 0x0000000740c00000)
  object space 254464K, 6% used [0x0000000642400000,0x00000006433b7650,0x0000000651c80000)
 Metaspace       used 46137K, capacity 48614K, committed 48768K, reserved 1091584K
  class space    used 5990K, capacity 6462K, committed 6528K, reserved 1048576K
Event: 8.231 GC heap after
Heap after GC invocations=9 (full 2):
 PSYoungGen      total 216064K, used 14307K [0x0000000740c00000, 0x0000000753880000, 0x00000007c0000000)
  eden space 201728K, 0% used [0x0000000740c00000,0x0000000740c00000,0x000000074d100000)
  from space 14336K, 99% used [0x000000074d100000,0x000000074def8d28,0x000000074df00000)
  to   space 16896K, 0% used [0x0000000752800000,0x0000000752800000,0x0000000753880000)
 ParOldGen       total 254464K, used 17440K [0x0000000642400000, 0x0000000651c80000, 0x0000000740c00000)
  object space 254464K, 6% used [0x0000000642400000,0x00000006435083e0,0x0000000651c80000)
 Metaspace       used 46137K, capacity 48614K, committed 48768K, reserved 1091584K
  class space    used 5990K, capacity 6462K, committed 6528K, reserved 1048576K
}
Event: 10.192 GC heap before
{Heap before GC invocations=10 (full 2):
 PSYoungGen      total 216064K, used 199191K [0x0000000740c00000, 0x0000000753880000, 0x00000007c0000000)
  eden space 201728K, 91% used [0x0000000740c00000,0x000000074c08cfb0,0x000000074d100000)
  from space 14336K, 99% used [0x000000074d100000,0x000000074def8d28,0x000000074df00000)
  to   space 16896K, 0% used [0x0000000752800000,0x0000000752800000,0x0000000753880000)
 ParOldGen       total 254464K, used 17440K [0x0000000642400000, 0x0000000651c80000, 0x0000000740c00000)
  object space 254464K, 6% used [0x0000000642400000,0x00000006435083e0,0x0000000651c80000)
 Metaspace       used 55960K, capacity 59112K, committed 59160K, reserved 1101824K
  class space    used 7362K, capacity 7889K, committed 7936K, reserved 1048576K
Event: 10.204 GC heap after
Heap after GC invocations=10 (full 2):
 PSYoungGen      total 286720K, used 16281K [0x0000000740c00000, 0x0000000753880000, 0x00000007c0000000)
  eden space 269824K, 0% used [0x0000000740c00000,0x0000000740c00000,0x0000000751380000)
  from space 16896K, 96% used [0x0000000752800000,0x00000007537e6730,0x0000000753880000)
  to   space 18944K, 0% used [0x0000000751380000,0x0000000751380000,0x0000000752600000)
 ParOldGen       total 254464K, used 17448K [0x0000000642400000, 0x0000000651c80000, 0x0000000740c00000)
  object space 254464K, 6% used [0x0000000642400000,0x000000064350a3e0,0x0000000651c80000)
 Metaspace       used 55960K, capacity 59112K, committed 59160K, reserved 1101824K
  class space    used 7362K, capacity 7889K, committed 7936K, reserved 1048576K
}
Event: 10.204 GC heap before
{Heap before GC invocations=11 (full 3):
 PSYoungGen      total 286720K, used 16281K [0x0000000740c00000, 0x0000000753880000, 0x00000007c0000000)
  eden space 269824K, 0% used [0x0000000740c00000,0x0000000740c00000,0x0000000751380000)
  from space 16896K, 96% used [0x0000000752800000,0x00000007537e6730,0x0000000753880000)
  to   space 18944K, 0% used [0x0000000751380000,0x0000000751380000,0x0000000752600000)
 ParOldGen       total 254464K, used 17448K [0x0000000642400000, 0x0000000651c80000, 0x0000000740c00000)
  object space 254464K, 6% used [0x0000000642400000,0x000000064350a3e0,0x0000000651c80000)
 Metaspace       used 55960K, capacity 59112K, committed 59160K, reserved 1101824K
  class space    used 7362K, capacity 7889K, committed 7936K, reserved 1048576K
Event: 10.351 GC heap after
Heap after GC invocations=11 (full 3):
 PSYoungGen      total 286720K, used 0K [0x0000000740c00000, 0x0000000753880000, 0x00000007c0000000)
  eden space 269824K, 0% used [0x0000000740c00000,0x0000000740c00000,0x0000000751380000)
  from space 16896K, 0% used [0x0000000752800000,0x0000000752800000,0x0000000753880000)
  to   space 18944K, 0% used [0x0000000751380000,0x0000000751380000,0x0000000752600000)
 ParOldGen       total 370688K, used 28467K [0x0000000642400000, 0x0000000658e00000, 0x0000000740c00000)
  object space 370688K, 7% used [0x0000000642400000,0x0000000643fcce18,0x0000000658e00000)
 Metaspace       used 55960K, capacity 59112K, committed 59160K, reserved 1101824K
  class space    used 7362K, capacity 7889K, committed 7936K, reserved 1048576K
}
Event: 12.470 GC heap before
{Heap before GC invocations=12 (full 3):
 PSYoungGen      total 286720K, used 269824K [0x0000000740c00000, 0x0000000753880000, 0x00000007c0000000)
  eden space 269824K, 100% used [0x0000000740c00000,0x0000000751380000,0x0000000751380000)
  from space 16896K, 0% used [0x0000000752800000,0x0000000752800000,0x0000000753880000)
  to   space 18944K, 0% used [0x0000000751380000,0x0000000751380000,0x0000000752600000)
 ParOldGen       total 370688K, used 28467K [0x0000000642400000, 0x0000000658e00000, 0x0000000740c00000)
  object space 370688K, 7% used [0x0000000642400000,0x0000000643fcce18,0x0000000658e00000)
 Metaspace       used 63445K, capacity 67372K, committed 67456K, reserved 1107968K
  class space    used 8399K, capacity 9055K, committed 9088K, reserved 1048576K
Event: 12.489 GC heap after
Heap after GC invocations=12 (full 3):
 PSYoungGen      total 288768K, used 13166K [0x0000000740c00000, 0x0000000756600000, 0x00000007c0000000)
  eden space 269824K, 0% used [0x0000000740c00000,0x0000000740c00000,0x0000000751380000)
  from space 18944K, 69% used [0x0000000751380000,0x000000075205ba90,0x0000000752600000)
  to   space 19456K, 0% used [0x0000000755300000,0x0000000755300000,0x0000000756600000)
 ParOldGen       total 370688K, used 28475K [0x0000000642400000, 0x0000000658e00000, 0x0000000740c00000)
  object space 370688K, 7% used [0x0000000642400000,0x0000000643fcee18,0x0000000658e00000)
 Metaspace       used 63445K, capacity 67372K, committed 67456K, reserved 1107968K
  class space    used 8399K, capacity 9055K, committed 9088K, reserved 1048576K
}

