# JRE version: Java(TM) SE Runtime Environment (8.0_191-b12) (build 1.8.0_191-b12)
# Java VM: Java HotSpot(TM) 64-Bit Server VM (25.191-b12 mixed mode windows-amd64 compressed oops)
Heap:
 PSYoungGen      total 201728K, used 151965K [0x0000000740c00000, 0x000000074f400000, 0x00000007c0000000)
  eden space 185856K, 75% used [0x0000000740c00000,0x000000074944c2c8,0x000000074c180000)
  from space 15872K, 78% used [0x000000074c180000,0x000000074cd9b378,0x000000074d100000)
  to   space 12800K, 0% used [0x000000074e780000,0x000000074e780000,0x000000074f400000)
 ParOldGen       total 154112K, used 7408K [0x0000000642400000, 0x000000064ba80000, 0x0000000740c00000)
  object space 154112K, 4% used [0x0000000642400000,0x0000000642b3c348,0x000000064ba80000)
 Metaspace       used 32667K, capacity 34814K, committed 35072K, reserved 1079296K
  class space    used 4100K, capacity 4499K, committed 4608K, reserved 1048576K
GC Heap History (10 events):
Event: 1.997 GC heap before
{Heap before GC invocations=2 (full 0):
 PSYoungGen      total 114176K, used 104552K [0x0000000740c00000, 0x0000000748b00000, 0x00000007c0000000)
  eden space 98304K, 100% used [0x0000000740c00000,0x0000000746c00000,0x0000000746c00000)
  from space 15872K, 39% used [0x0000000746c00000,0x000000074721a130,0x0000000747b80000)
  to   space 15872K, 0% used [0x0000000747b80000,0x0000000747b80000,0x0000000748b00000)
 ParOldGen       total 261120K, used 16K [0x0000000642400000, 0x0000000652300000, 0x0000000740c00000)
  object space 261120K, 0% used [0x0000000642400000,0x0000000642404000,0x0000000652300000)
 Metaspace       used 17321K, capacity 18056K, committed 18176K, reserved 1064960K
  class space    used 2040K, capacity 2211K, committed 2304K, reserved 1048576K
Event: 2.005 GC heap after
Heap after GC invocations=2 (full 0):
 PSYoungGen      total 114176K, used 9008K [0x0000000740c00000, 0x0000000748b00000, 0x00000007c0000000)
  eden space 98304K, 0% used [0x0000000740c00000,0x0000000740c00000,0x0000000746c00000)
  from space 15872K, 56% used [0x0000000747b80000,0x000000074844c228,0x0000000748b00000)
  to   space 15872K, 0% used [0x0000000746c00000,0x0000000746c00000,0x0000000747b80000)
 ParOldGen       total 261120K, used 24K [0x0000000642400000, 0x0000000652300000, 0x0000000740c00000)
  object space 261120K, 0% used [0x0000000642400000,0x0000000642406000,0x0000000652300000)
 Metaspace       used 17321K, capacity 18056K, committed 18176K, reserved 1064960K
  class space    used 2040K, capacity 2211K, committed 2304K, reserved 1048576K
}
Event: 2.206 GC heap before
{Heap before GC invocations=3 (full 0):
 PSYoungGen      total 114176K, used 65621K [0x0000000740c00000, 0x0000000748b00000, 0x00000007c0000000)
  eden space 98304K, 57% used [0x0000000740c00000,0x0000000744349238,0x0000000746c00000)
  from space 15872K, 56% used [0x0000000747b80000,0x000000074844c228,0x0000000748b00000)
  to   space 15872K, 0% used [0x0000000746c00000,0x0000000746c00000,0x0000000747b80000)
 ParOldGen       total 261120K, used 24K [0x0000000642400000, 0x0000000652300000, 0x0000000740c00000)
  object space 261120K, 0% used [0x0000000642400000,0x0000000642406000,0x0000000652300000)
 Metaspace       used 20455K, capacity 21224K, committed 21296K, reserved 1069056K
  class space    used 2483K, capacity 2687K, committed 2688K, reserved 1048576K
Event: 2.212 GC heap after
Heap after GC invocations=3 (full 0):
 PSYoungGen      total 114176K, used 7660K [0x0000000740c00000, 0x000000074eb00000, 0x00000007c0000000)
  eden space 98304K, 0% used [0x0000000740c00000,0x0000000740c00000,0x0000000746c00000)
  from space 15872K, 48% used [0x0000000746c00000,0x000000074737b300,0x0000000747b80000)
  to   space 15872K, 0% used [0x000000074db80000,0x000000074db80000,0x000000074eb00000)
 ParOldGen       total 261120K, used 32K [0x0000000642400000, 0x0000000652300000, 0x0000000740c00000)
  object space 261120K, 0% used [0x0000000642400000,0x0000000642408000,0x0000000652300000)
 Metaspace       used 20455K, capacity 21224K, committed 21296K, reserved 1069056K
  class space    used 2483K, capacity 2687K, committed 2688K, reserved 1048576K
}
Event: 2.212 GC heap before
{Heap before GC invocations=4 (full 1):
 PSYoungGen      total 114176K, used 7660K [0x0000000740c00000, 0x000000074eb00000, 0x00000007c0000000)
  eden space 98304K, 0% used [0x0000000740c00000,0x0000000740c00000,0x0000000746c00000)
  from space 15872K, 48% used [0x0000000746c00000,0x000000074737b300,0x0000000747b80000)
  to   space 15872K, 0% used [0x000000074db80000,0x000000074db80000,0x000000074eb00000)
 ParOldGen       total 261120K, used 32K [0x0000000642400000, 0x0000000652300000, 0x0000000740c00000)
  object space 261120K, 0% used [0x0000000642400000,0x0000000642408000,0x0000000652300000)
 Metaspace       used 20455K, capacity 21224K, committed 21296K, reserved 1069056K
  class space    used 2483K, capacity 2687K, committed 2688K, reserved 1048576K
Event: 2.243 GC heap after
Heap after GC invocations=4 (full 1):
 PSYoungGen      total 114176K, used 0K [0x0000000740c00000, 0x000000074eb00000, 0x00000007c0000000)
  eden space 98304K, 0% used [0x0000000740c00000,0x0000000740c00000,0x0000000746c00000)
  from space 15872K, 0% used [0x0000000746c00000,0x0000000746c00000,0x0000000747b80000)
  to   space 15872K, 0% used [0x000000074db80000,0x000000074db80000,0x000000074eb00000)
 ParOldGen       total 154112K, used 7392K [0x0000000642400000, 0x000000064ba80000, 0x0000000740c00000)
  object space 154112K, 4% used [0x0000000642400000,0x0000000642b38348,0x000000064ba80000)
 Metaspace       used 20455K, capacity 21224K, committed 21296K, reserved 1069056K
  class space    used 2483K, capacity 2687K, committed 2688K, reserved 1048576K
}
Event: 2.802 GC heap before
{Heap before GC invocations=5 (full 1):
 PSYoungGen      total 114176K, used 98304K [0x0000000740c00000, 0x000000074eb00000, 0x00000007c0000000)
  eden space 98304K, 100% used [0x0000000740c00000,0x0000000746c00000,0x0000000746c00000)
  from space 15872K, 0% used [0x0000000746c00000,0x0000000746c00000,0x0000000747b80000)
  to   space 15872K, 0% used [0x000000074db80000,0x000000074db80000,0x000000074eb00000)
 ParOldGen       total 154112K, used 7392K [0x0000000642400000, 0x000000064ba80000, 0x0000000740c00000)
  object space 154112K, 4% used [0x0000000642400000,0x0000000642b38348,0x000000064ba80000)
 Metaspace       used 23087K, capacity 24148K, committed 24320K, reserved 1071104K
  class space    used 2781K, capacity 3012K, committed 3072K, reserved 1048576K
Event: 2.806 GC heap after
Heap after GC invocations=5 (full 1):
 PSYoungGen      total 151040K, used 4932K [0x0000000740c00000, 0x000000074e080000, 0x00000007c0000000)
  eden space 145920K, 0% used [0x0000000740c00000,0x0000000740c00000,0x0000000749a80000)
  from space 5120K, 96% used [0x000000074db80000,0x000000074e051388,0x000000074e080000)
  to   space 15872K, 0% used [0x000000074c180000,0x000000074c180000,0x000000074d100000)
 ParOldGen       total 154112K, used 7400K [0x0000000642400000, 0x000000064ba80000, 0x0000000740c00000)
  object space 154112K, 4% used [0x0000000642400000,0x0000000642b3a348,0x000000064ba80000)
 Metaspace       used 23087K, capacity 24148K, committed 24320K, reserved 1071104K
  class space    used 2781K, capacity 3012K, committed 3072K, reserved 1048576K
}
Event: 4.163 GC heap before
{Heap before GC invocations=6 (full 1):
 PSYoungGen      total 151040K, used 150852K [0x0000000740c00000, 0x000000074e080000, 0x00000007c0000000)
  eden space 145920K, 100% used [0x0000000740c00000,0x0000000749a80000,0x0000000749a80000)
  from space 5120K, 96% used [0x000000074db80000,0x000000074e051388,0x000000074e080000)
  to   space 15872K, 0% used [0x000000074c180000,0x000000074c180000,0x000000074d100000)
 ParOldGen       total 154112K, used 7400K [0x0000000642400000, 0x000000064ba80000, 0x0000000740c00000)
  object space 154112K, 4% used [0x0000000642400000,0x0000000642b3a348,0x000000064ba80000)
 Metaspace       used 29023K, capacity 30510K, committed 30592K, reserved 1075200K
  class space    used 3618K, capacity 3907K, committed 3968K, reserved 1048576K
Event: 4.172 GC heap after
Heap after GC invocations=6 (full 1):
 PSYoungGen      total 201728K, used 12396K [0x0000000740c00000, 0x000000074f400000, 0x00000007c0000000)
  eden space 185856K, 0% used [0x0000000740c00000,0x0000000740c00000,0x000000074c180000)
  from space 15872K, 78% used [0x000000074c180000,0x000000074cd9b378,0x000000074d100000)
  to   space 12800K, 0% used [0x000000074e780000,0x000000074e780000,0x000000074f400000)
 ParOldGen       total 154112K, used 7408K [0x0000000642400000, 0x000000064ba80000, 0x0000000740c00000)
  object space 154112K, 4% used [0x0000000642400000,0x0000000642b3c348,0x000000064ba80000)
 Metaspace       used 29023K, capacity 30510K, committed 30592K, reserved 1075200K
  class space    used 3618K, capacity 3907K, committed 3968K, reserved 1048576K
}

