# JRE version: Java(TM) SE Runtime Environment (8.0_191-b12) (build 1.8.0_191-b12)
# Java VM: Java HotSpot(TM) 64-Bit Server VM (25.191-b12 mixed mode windows-amd64 compressed oops)
Heap:
 PSYoungGen      total 148480K, used 95422K [0x0000000740c00000, 0x000000074e080000, 0x00000007c0000000)
  eden space 143360K, 63% used [0x0000000740c00000,0x0000000746443a50,0x0000000749800000)
  from space 5120K, 98% used [0x000000074db80000,0x000000074e06c090,0x000000074e080000)
  to   space 15872K, 0% used [0x000000074c180000,0x000000074c180000,0x000000074d100000)
 ParOldGen       total 156672K, used 7446K [0x0000000642400000, 0x000000064bd00000, 0x0000000740c00000)
  object space 156672K, 4% used [0x0000000642400000,0x0000000642b45940,0x000000064bd00000)
 Metaspace       used 26376K, capacity 27660K, committed 27904K, reserved 1073152K
  class space    used 3225K, capacity 3494K, committed 3584K, reserved 1048576K
GC Heap History (10 events):
Event: 1.133 GC heap before
{Heap before GC invocations=1 (full 0):
 PSYoungGen      total 114176K, used 98304K [0x0000000740c00000, 0x0000000748b00000, 0x00000007c0000000)
  eden space 98304K, 100% used [0x0000000740c00000,0x0000000746c00000,0x0000000746c00000)
  from space 15872K, 0% used [0x0000000747b80000,0x0000000747b80000,0x0000000748b00000)
  to   space 15872K, 0% used [0x0000000746c00000,0x0000000746c00000,0x0000000747b80000)
 ParOldGen       total 261120K, used 0K [0x0000000642400000, 0x0000000652300000, 0x0000000740c00000)
  object space 261120K, 0% used [0x0000000642400000,0x0000000642400000,0x0000000652300000)
 Metaspace       used 9912K, capacity 10072K, committed 10240K, reserved 1058816K
  class space    used 1099K, capacity 1159K, committed 1280K, reserved 1048576K
Event: 1.138 GC heap after
Heap after GC invocations=1 (full 0):
 PSYoungGen      total 114176K, used 6319K [0x0000000740c00000, 0x0000000748b00000, 0x00000007c0000000)
  eden space 98304K, 0% used [0x0000000740c00000,0x0000000740c00000,0x0000000746c00000)
  from space 15872K, 39% used [0x0000000746c00000,0x000000074722bf90,0x0000000747b80000)
  to   space 15872K, 0% used [0x0000000747b80000,0x0000000747b80000,0x0000000748b00000)
 ParOldGen       total 261120K, used 16K [0x0000000642400000, 0x0000000652300000, 0x0000000740c00000)
  object space 261120K, 0% used [0x0000000642400000,0x0000000642404000,0x0000000652300000)
 Metaspace       used 9912K, capacity 10072K, committed 10240K, reserved 1058816K
  class space    used 1099K, capacity 1159K, committed 1280K, reserved 1048576K
}
Event: 1.828 GC heap before
{Heap before GC invocations=2 (full 0):
 PSYoungGen      total 114176K, used 104623K [0x0000000740c00000, 0x0000000748b00000, 0x00000007c0000000)
  eden space 98304K, 100% used [0x0000000740c00000,0x0000000746c00000,0x0000000746c00000)
  from space 15872K, 39% used [0x0000000746c00000,0x000000074722bf90,0x0000000747b80000)
  to   space 15872K, 0% used [0x0000000747b80000,0x0000000747b80000,0x0000000748b00000)
 ParOldGen       total 261120K, used 16K [0x0000000642400000, 0x0000000652300000, 0x0000000740c00000)
  object space 261120K, 0% used [0x0000000642400000,0x0000000642404000,0x0000000652300000)
 Metaspace       used 17300K, capacity 18000K, committed 18176K, reserved 1064960K
  class space    used 2044K, capacity 2213K, committed 2304K, reserved 1048576K
Event: 1.837 GC heap after
Heap after GC invocations=2 (full 0):
 PSYoungGen      total 114176K, used 8911K [0x0000000740c00000, 0x0000000748b00000, 0x00000007c0000000)
  eden space 98304K, 0% used [0x0000000740c00000,0x0000000740c00000,0x0000000746c00000)
  from space 15872K, 56% used [0x0000000747b80000,0x0000000748433df8,0x0000000748b00000)
  to   space 15872K, 0% used [0x0000000746c00000,0x0000000746c00000,0x0000000747b80000)
 ParOldGen       total 261120K, used 24K [0x0000000642400000, 0x0000000652300000, 0x0000000740c00000)
  object space 261120K, 0% used [0x0000000642400000,0x0000000642406000,0x0000000652300000)
 Metaspace       used 17300K, capacity 18000K, committed 18176K, reserved 1064960K
  class space    used 2044K, capacity 2213K, committed 2304K, reserved 1048576K
}
Event: 2.092 GC heap before
{Heap before GC invocations=3 (full 0):
 PSYoungGen      total 114176K, used 65192K [0x0000000740c00000, 0x0000000748b00000, 0x00000007c0000000)
  eden space 98304K, 57% used [0x0000000740c00000,0x00000007442f63e8,0x0000000746c00000)
  from space 15872K, 56% used [0x0000000747b80000,0x0000000748433df8,0x0000000748b00000)
  to   space 15872K, 0% used [0x0000000746c00000,0x0000000746c00000,0x0000000747b80000)
 ParOldGen       total 261120K, used 24K [0x0000000642400000, 0x0000000652300000, 0x0000000740c00000)
  object space 261120K, 0% used [0x0000000642400000,0x0000000642406000,0x0000000652300000)
 Metaspace       used 20456K, capacity 21220K, committed 21296K, reserved 1069056K
  class space    used 2485K, capacity 2687K, committed 2688K, reserved 1048576K
Event: 2.098 GC heap after
Heap after GC invocations=3 (full 0):
 PSYoungGen      total 114176K, used 7728K [0x0000000740c00000, 0x000000074eb00000, 0x00000007c0000000)
  eden space 98304K, 0% used [0x0000000740c00000,0x0000000740c00000,0x0000000746c00000)
  from space 15872K, 48% used [0x0000000746c00000,0x000000074738c0e8,0x0000000747b80000)
  to   space 15872K, 0% used [0x000000074db80000,0x000000074db80000,0x000000074eb00000)
 ParOldGen       total 261120K, used 32K [0x0000000642400000, 0x0000000652300000, 0x0000000740c00000)
  object space 261120K, 0% used [0x0000000642400000,0x0000000642408000,0x0000000652300000)
 Metaspace       used 20456K, capacity 21220K, committed 21296K, reserved 1069056K
  class space    used 2485K, capacity 2687K, committed 2688K, reserved 1048576K
}
Event: 2.098 GC heap before
{Heap before GC invocations=4 (full 1):
 PSYoungGen      total 114176K, used 7728K [0x0000000740c00000, 0x000000074eb00000, 0x00000007c0000000)
  eden space 98304K, 0% used [0x0000000740c00000,0x0000000740c00000,0x0000000746c00000)
  from space 15872K, 48% used [0x0000000746c00000,0x000000074738c0e8,0x0000000747b80000)
  to   space 15872K, 0% used [0x000000074db80000,0x000000074db80000,0x000000074eb00000)
 ParOldGen       total 261120K, used 32K [0x0000000642400000, 0x0000000652300000, 0x0000000740c00000)
  object space 261120K, 0% used [0x0000000642400000,0x0000000642408000,0x0000000652300000)
 Metaspace       used 20456K, capacity 21220K, committed 21296K, reserved 1069056K
  class space    used 2485K, capacity 2687K, committed 2688K, reserved 1048576K
Event: 2.128 GC heap after
Heap after GC invocations=4 (full 1):
 PSYoungGen      total 114176K, used 0K [0x0000000740c00000, 0x000000074eb00000, 0x00000007c0000000)
  eden space 98304K, 0% used [0x0000000740c00000,0x0000000740c00000,0x0000000746c00000)
  from space 15872K, 0% used [0x0000000746c00000,0x0000000746c00000,0x0000000747b80000)
  to   space 15872K, 0% used [0x000000074db80000,0x000000074db80000,0x000000074eb00000)
 ParOldGen       total 156672K, used 7438K [0x0000000642400000, 0x000000064bd00000, 0x0000000740c00000)
  object space 156672K, 4% used [0x0000000642400000,0x0000000642b43940,0x000000064bd00000)
 Metaspace       used 20456K, capacity 21220K, committed 21296K, reserved 1069056K
  class space    used 2485K, capacity 2687K, committed 2688K, reserved 1048576K
}
Event: 2.972 GC heap before
{Heap before GC invocations=5 (full 1):
 PSYoungGen      total 114176K, used 98304K [0x0000000740c00000, 0x000000074eb00000, 0x00000007c0000000)
  eden space 98304K, 100% used [0x0000000740c00000,0x0000000746c00000,0x0000000746c00000)
  from space 15872K, 0% used [0x0000000746c00000,0x0000000746c00000,0x0000000747b80000)
  to   space 15872K, 0% used [0x000000074db80000,0x000000074db80000,0x000000074eb00000)
 ParOldGen       total 156672K, used 7438K [0x0000000642400000, 0x000000064bd00000, 0x0000000740c00000)
  object space 156672K, 4% used [0x0000000642400000,0x0000000642b43940,0x000000064bd00000)
 Metaspace       used 23097K, capacity 24080K, committed 24320K, reserved 1071104K
  class space    used 2781K, capacity 3012K, committed 3072K, reserved 1048576K
Event: 2.979 GC heap after
Heap after GC invocations=5 (full 1):
 PSYoungGen      total 148480K, used 5040K [0x0000000740c00000, 0x000000074e080000, 0x00000007c0000000)
  eden space 143360K, 0% used [0x0000000740c00000,0x0000000740c00000,0x0000000749800000)
  from space 5120K, 98% used [0x000000074db80000,0x000000074e06c090,0x000000074e080000)
  to   space 15872K, 0% used [0x000000074c180000,0x000000074c180000,0x000000074d100000)
 ParOldGen       total 156672K, used 7446K [0x0000000642400000, 0x000000064bd00000, 0x0000000740c00000)
  object space 156672K, 4% used [0x0000000642400000,0x0000000642b45940,0x000000064bd00000)
 Metaspace       used 23097K, capacity 24080K, committed 24320K, reserved 1071104K
  class space    used 2781K, capacity 3012K, committed 3072K, reserved 1048576K
}

