# JRE version: Java(TM) SE Runtime Environment (8.0_191-b12) (build 1.8.0_191-b12)
# Java VM: Java HotSpot(TM) 64-Bit Server VM (25.191-b12 mixed mode windows-amd64 compressed oops)
Heap:
 PSYoungGen      total 282112K, used 8725K [0x0000000740c00000, 0x0000000757300000, 0x00000007c0000000)
  eden space 266752K, 0% used [0x0000000740c00000,0x0000000740c00000,0x0000000751080000)
  from space 15360K, 56% used [0x0000000751f00000,0x0000000752785770,0x0000000752e00000)
  to   space 14848K, 0% used [0x0000000751080000,0x0000000751080000,0x0000000751f00000)
 ParOldGen       total 132608K, used 6122K [0x0000000642400000, 0x000000064a580000, 0x0000000740c00000)
  object space 132608K, 4% used [0x0000000642400000,0x00000006429fabb0,0x000000064a580000)
 Metaspace       used 33186K, capacity 35332K, committed 35416K, reserved 1079296K
  class space    used 4305K, capacity 4708K, committed 4736K, reserved 1048576K
GC Heap History (10 events):
Event: 1.473 GC heap after
Heap after GC invocations=3 (full 0):
 PSYoungGen      total 114176K, used 6257K [0x0000000740c00000, 0x000000074eb00000, 0x00000007c0000000)
  eden space 98304K, 0% used [0x0000000740c00000,0x0000000740c00000,0x0000000746c00000)
  from space 15872K, 39% used [0x0000000746c00000,0x000000074721c440,0x0000000747b80000)
  to   space 15872K, 0% used [0x000000074db80000,0x000000074db80000,0x000000074eb00000)
 ParOldGen       total 261120K, used 40K [0x0000000642400000, 0x0000000652300000, 0x0000000740c00000)
  object space 261120K, 0% used [0x0000000642400000,0x000000064240a000,0x0000000652300000)
 Metaspace       used 20280K, capacity 21126K, committed 21248K, reserved 1067008K
  class space    used 2511K, capacity 2706K, committed 2816K, reserved 1048576K
}
Event: 1.473 GC heap before
{Heap before GC invocations=4 (full 1):
 PSYoungGen      total 114176K, used 6257K [0x0000000740c00000, 0x000000074eb00000, 0x00000007c0000000)
  eden space 98304K, 0% used [0x0000000740c00000,0x0000000740c00000,0x0000000746c00000)
  from space 15872K, 39% used [0x0000000746c00000,0x000000074721c440,0x0000000747b80000)
  to   space 15872K, 0% used [0x000000074db80000,0x000000074db80000,0x000000074eb00000)
 ParOldGen       total 261120K, used 40K [0x0000000642400000, 0x0000000652300000, 0x0000000740c00000)
  object space 261120K, 0% used [0x0000000642400000,0x000000064240a000,0x0000000652300000)
 Metaspace       used 20280K, capacity 21126K, committed 21248K, reserved 1067008K
  class space    used 2511K, capacity 2706K, committed 2816K, reserved 1048576K
Event: 1.494 GC heap after
Heap after GC invocations=4 (full 1):
 PSYoungGen      total 114176K, used 0K [0x0000000740c00000, 0x000000074eb00000, 0x00000007c0000000)
  eden space 98304K, 0% used [0x0000000740c00000,0x0000000740c00000,0x0000000746c00000)
  from space 15872K, 0% used [0x0000000746c00000,0x0000000746c00000,0x0000000747b80000)
  to   space 15872K, 0% used [0x000000074db80000,0x000000074db80000,0x000000074eb00000)
 ParOldGen       total 132608K, used 6098K [0x0000000642400000, 0x000000064a580000, 0x0000000740c00000)
  object space 132608K, 4% used [0x0000000642400000,0x00000006429f4bb0,0x000000064a580000)
 Metaspace       used 20280K, capacity 21126K, committed 21248K, reserved 1067008K
  class space    used 2511K, capacity 2706K, committed 2816K, reserved 1048576K
}
Event: 2.498 GC heap before
{Heap before GC invocations=5 (full 1):
 PSYoungGen      total 114176K, used 98304K [0x0000000740c00000, 0x000000074eb00000, 0x00000007c0000000)
  eden space 98304K, 100% used [0x0000000740c00000,0x0000000746c00000,0x0000000746c00000)
  from space 15872K, 0% used [0x0000000746c00000,0x0000000746c00000,0x0000000747b80000)
  to   space 15872K, 0% used [0x000000074db80000,0x000000074db80000,0x000000074eb00000)
 ParOldGen       total 132608K, used 6098K [0x0000000642400000, 0x000000064a580000, 0x0000000740c00000)
  object space 132608K, 4% used [0x0000000642400000,0x00000006429f4bb0,0x000000064a580000)
 Metaspace       used 25761K, capacity 27138K, committed 27392K, reserved 1073152K
  class space    used 3257K, capacity 3545K, committed 3584K, reserved 1048576K
Event: 2.505 GC heap after
Heap after GC invocations=5 (full 1):
 PSYoungGen      total 174080K, used 9561K [0x0000000740c00000, 0x000000074e500000, 0x00000007c0000000)
  eden space 164352K, 0% used [0x0000000740c00000,0x0000000740c00000,0x000000074ac80000)
  from space 9728K, 98% used [0x000000074db80000,0x000000074e4d6458,0x000000074e500000)
  to   space 15872K, 0% used [0x000000074c600000,0x000000074c600000,0x000000074d580000)
 ParOldGen       total 132608K, used 6106K [0x0000000642400000, 0x000000064a580000, 0x0000000740c00000)
  object space 132608K, 4% used [0x0000000642400000,0x00000006429f6bb0,0x000000064a580000)
 Metaspace       used 25761K, capacity 27138K, committed 27392K, reserved 1073152K
  class space    used 3257K, capacity 3545K, committed 3584K, reserved 1048576K
}
Event: 4.339 GC heap before
{Heap before GC invocations=6 (full 1):
 PSYoungGen      total 174080K, used 173913K [0x0000000740c00000, 0x000000074e500000, 0x00000007c0000000)
  eden space 164352K, 100% used [0x0000000740c00000,0x000000074ac80000,0x000000074ac80000)
  from space 9728K, 98% used [0x000000074db80000,0x000000074e4d6458,0x000000074e500000)
  to   space 15872K, 0% used [0x000000074c600000,0x000000074c600000,0x000000074d580000)
 ParOldGen       total 132608K, used 6106K [0x0000000642400000, 0x000000064a580000, 0x0000000740c00000)
  object space 132608K, 4% used [0x0000000642400000,0x00000006429f6bb0,0x000000064a580000)
 Metaspace       used 33045K, capacity 35262K, committed 35416K, reserved 1079296K
  class space    used 4289K, capacity 4707K, committed 4736K, reserved 1048576K
Event: 4.352 GC heap after
Heap after GC invocations=6 (full 1):
 PSYoungGen      total 206336K, used 12961K [0x0000000740c00000, 0x0000000752e00000, 0x00000007c0000000)
  eden space 190464K, 0% used [0x0000000740c00000,0x0000000740c00000,0x000000074c600000)
  from space 15872K, 81% used [0x000000074c600000,0x000000074d2a8730,0x000000074d580000)
  to   space 15360K, 0% used [0x0000000751f00000,0x0000000751f00000,0x0000000752e00000)
 ParOldGen       total 132608K, used 6114K [0x0000000642400000, 0x000000064a580000, 0x0000000740c00000)
  object space 132608K, 4% used [0x0000000642400000,0x00000006429f8bb0,0x000000064a580000)
 Metaspace       used 33045K, capacity 35262K, committed 35416K, reserved 1079296K
  class space    used 4289K, capacity 4707K, committed 4736K, reserved 1048576K
}
Event: 4.398 GC heap before
{Heap before GC invocations=7 (full 1):
 PSYoungGen      total 206336K, used 16116K [0x0000000740c00000, 0x0000000752e00000, 0x00000007c0000000)
  eden space 190464K, 1% used [0x0000000740c00000,0x0000000740f14978,0x000000074c600000)
  from space 15872K, 81% used [0x000000074c600000,0x000000074d2a8730,0x000000074d580000)
  to   space 15360K, 0% used [0x0000000751f00000,0x0000000751f00000,0x0000000752e00000)
 ParOldGen       total 132608K, used 6114K [0x0000000642400000, 0x000000064a580000, 0x0000000740c00000)
  object space 132608K, 4% used [0x0000000642400000,0x00000006429f8bb0,0x000000064a580000)
 Metaspace       used 33186K, capacity 35332K, committed 35416K, reserved 1079296K
  class space    used 4305K, capacity 4708K, committed 4736K, reserved 1048576K
Event: 4.404 GC heap after
Heap after GC invocations=7 (full 1):
 PSYoungGen      total 282112K, used 8725K [0x0000000740c00000, 0x0000000757300000, 0x00000007c0000000)
  eden space 266752K, 0% used [0x0000000740c00000,0x0000000740c00000,0x0000000751080000)
  from space 15360K, 56% used [0x0000000751f00000,0x0000000752785770,0x0000000752e00000)
  to   space 14848K, 0% used [0x0000000751080000,0x0000000751080000,0x0000000751f00000)
 ParOldGen       total 132608K, used 6122K [0x0000000642400000, 0x000000064a580000, 0x0000000740c00000)
  object space 132608K, 4% used [0x0000000642400000,0x00000006429fabb0,0x000000064a580000)
 Metaspace       used 33186K, capacity 35332K, committed 35416K, reserved 1079296K
  class space    used 4305K, capacity 4708K, committed 4736K, reserved 1048576K
}
Event: 4.404 GC heap before
{Heap before GC invocations=8 (full 2):
 PSYoungGen      total 282112K, used 8725K [0x0000000740c00000, 0x0000000757300000, 0x00000007c0000000)
  eden space 266752K, 0% used [0x0000000740c00000,0x0000000740c00000,0x0000000751080000)
  from space 15360K, 56% used [0x0000000751f00000,0x0000000752785770,0x0000000752e00000)
  to   space 14848K, 0% used [0x0000000751080000,0x0000000751080000,0x0000000751f00000)
 ParOldGen       total 132608K, used 6122K [0x0000000642400000, 0x000000064a580000, 0x0000000740c00000)
  object space 132608K, 4% used [0x0000000642400000,0x00000006429fabb0,0x000000064a580000)
 Metaspace       used 33186K, capacity 35332K, committed 35416K, reserved 1079296K
  class space    used 4305K, capacity 4708K, committed 4736K, reserved 1048576K

