# JRE version: Java(TM) SE Runtime Environment (8.0_191-b12) (build 1.8.0_191-b12)
# Java VM: Java HotSpot(TM) 64-Bit Server VM (25.191-b12 mixed mode windows-amd64 compressed oops)
Heap:
 PSYoungGen      total 209920K, used 55455K [0x0000000740c00000, 0x0000000752280000, 0x00000007c0000000)
  eden space 197632K, 28% used [0x0000000740c00000,0x0000000744227d18,0x000000074cd00000)
  from space 12288K, 0% used [0x000000074da80000,0x000000074da80000,0x000000074e680000)
  to   space 13824K, 0% used [0x000000074cd00000,0x000000074cd00000,0x000000074da80000)
 ParOldGen       total 255488K, used 15985K [0x0000000642400000, 0x0000000651d80000, 0x0000000740c00000)
  object space 255488K, 6% used [0x0000000642400000,0x000000064339c588,0x0000000651d80000)
 Metaspace       used 36188K, capacity 38378K, committed 38656K, reserved 1083392K
  class space    used 4616K, capacity 5002K, committed 5120K, reserved 1048576K
GC Heap History (10 events):
Event: 2.009 GC heap before
{Heap before GC invocations=4 (full 1):
 PSYoungGen      total 114176K, used 7743K [0x0000000740c00000, 0x000000074eb00000, 0x00000007c0000000)
  eden space 98304K, 0% used [0x0000000740c00000,0x0000000740c00000,0x0000000746c00000)
  from space 15872K, 48% used [0x0000000746c00000,0x000000074738fc60,0x0000000747b80000)
  to   space 15872K, 0% used [0x000000074db80000,0x000000074db80000,0x000000074eb00000)
 ParOldGen       total 261120K, used 32K [0x0000000642400000, 0x0000000652300000, 0x0000000740c00000)
  object space 261120K, 0% used [0x0000000642400000,0x0000000642408000,0x0000000652300000)
 Metaspace       used 20456K, capacity 21220K, committed 21296K, reserved 1069056K
  class space    used 2484K, capacity 2687K, committed 2688K, reserved 1048576K
Event: 2.044 GC heap after
Heap after GC invocations=4 (full 1):
 PSYoungGen      total 114176K, used 0K [0x0000000740c00000, 0x000000074eb00000, 0x00000007c0000000)
  eden space 98304K, 0% used [0x0000000740c00000,0x0000000740c00000,0x0000000746c00000)
  from space 15872K, 0% used [0x0000000746c00000,0x0000000746c00000,0x0000000747b80000)
  to   space 15872K, 0% used [0x000000074db80000,0x000000074db80000,0x000000074eb00000)
 ParOldGen       total 157696K, used 7441K [0x0000000642400000, 0x000000064be00000, 0x0000000740c00000)
  object space 157696K, 4% used [0x0000000642400000,0x0000000642b44480,0x000000064be00000)
 Metaspace       used 20456K, capacity 21220K, committed 21296K, reserved 1069056K
  class space    used 2484K, capacity 2687K, committed 2688K, reserved 1048576K
}
Event: 2.788 GC heap before
{Heap before GC invocations=5 (full 1):
 PSYoungGen      total 114176K, used 98304K [0x0000000740c00000, 0x000000074eb00000, 0x00000007c0000000)
  eden space 98304K, 100% used [0x0000000740c00000,0x0000000746c00000,0x0000000746c00000)
  from space 15872K, 0% used [0x0000000746c00000,0x0000000746c00000,0x0000000747b80000)
  to   space 15872K, 0% used [0x000000074db80000,0x000000074db80000,0x000000074eb00000)
 ParOldGen       total 157696K, used 7441K [0x0000000642400000, 0x000000064be00000, 0x0000000740c00000)
  object space 157696K, 4% used [0x0000000642400000,0x0000000642b44480,0x000000064be00000)
 Metaspace       used 23066K, capacity 24094K, committed 24320K, reserved 1071104K
  class space    used 2786K, capacity 3013K, committed 3072K, reserved 1048576K
Event: 2.792 GC heap after
Heap after GC invocations=5 (full 1):
 PSYoungGen      total 146432K, used 5074K [0x0000000740c00000, 0x000000074e080000, 0x00000007c0000000)
  eden space 141312K, 0% used [0x0000000740c00000,0x0000000740c00000,0x0000000749600000)
  from space 5120K, 99% used [0x000000074db80000,0x000000074e074a08,0x000000074e080000)
  to   space 15872K, 0% used [0x000000074c180000,0x000000074c180000,0x000000074d100000)
 ParOldGen       total 157696K, used 7449K [0x0000000642400000, 0x000000064be00000, 0x0000000740c00000)
  object space 157696K, 4% used [0x0000000642400000,0x0000000642b46480,0x000000064be00000)
 Metaspace       used 23066K, capacity 24094K, committed 24320K, reserved 1071104K
  class space    used 2786K, capacity 3013K, committed 3072K, reserved 1048576K
}
Event: 4.280 GC heap before
{Heap before GC invocations=6 (full 1):
 PSYoungGen      total 146432K, used 146386K [0x0000000740c00000, 0x000000074e080000, 0x00000007c0000000)
  eden space 141312K, 100% used [0x0000000740c00000,0x0000000749600000,0x0000000749600000)
  from space 5120K, 99% used [0x000000074db80000,0x000000074e074a08,0x000000074e080000)
  to   space 15872K, 0% used [0x000000074c180000,0x000000074c180000,0x000000074d100000)
 ParOldGen       total 157696K, used 7449K [0x0000000642400000, 0x000000064be00000, 0x0000000740c00000)
  object space 157696K, 4% used [0x0000000642400000,0x0000000642b46480,0x000000064be00000)
 Metaspace       used 29116K, capacity 30604K, committed 30848K, reserved 1077248K
  class space    used 3631K, capacity 3938K, committed 3968K, reserved 1048576K
Event: 4.291 GC heap after
Heap after GC invocations=6 (full 1):
 PSYoungGen      total 201728K, used 11471K [0x0000000740c00000, 0x000000074e680000, 0x00000007c0000000)
  eden space 185856K, 0% used [0x0000000740c00000,0x0000000740c00000,0x000000074c180000)
  from space 15872K, 72% used [0x000000074c180000,0x000000074ccb3e30,0x000000074d100000)
  to   space 12288K, 0% used [0x000000074da80000,0x000000074da80000,0x000000074e680000)
 ParOldGen       total 157696K, used 7457K [0x0000000642400000, 0x000000064be00000, 0x0000000740c00000)
  object space 157696K, 4% used [0x0000000642400000,0x0000000642b48480,0x000000064be00000)
 Metaspace       used 29116K, capacity 30604K, committed 30848K, reserved 1077248K
  class space    used 3631K, capacity 3938K, committed 3968K, reserved 1048576K
}
Event: 5.728 GC heap before
{Heap before GC invocations=7 (full 1):
 PSYoungGen      total 201728K, used 169203K [0x0000000740c00000, 0x000000074e680000, 0x00000007c0000000)
  eden space 185856K, 84% used [0x0000000740c00000,0x000000074a608f48,0x000000074c180000)
  from space 15872K, 72% used [0x000000074c180000,0x000000074ccb3e30,0x000000074d100000)
  to   space 12288K, 0% used [0x000000074da80000,0x000000074da80000,0x000000074e680000)
 ParOldGen       total 157696K, used 7457K [0x0000000642400000, 0x000000064be00000, 0x0000000740c00000)
  object space 157696K, 4% used [0x0000000642400000,0x0000000642b48480,0x000000064be00000)
 Metaspace       used 33254K, capacity 35420K, committed 35496K, reserved 1081344K
  class space    used 4200K, capacity 4600K, committed 4608K, reserved 1048576K
Event: 5.739 GC heap after
Heap after GC invocations=7 (full 1):
 PSYoungGen      total 209920K, used 12192K [0x0000000740c00000, 0x0000000752280000, 0x00000007c0000000)
  eden space 197632K, 0% used [0x0000000740c00000,0x0000000740c00000,0x000000074cd00000)
  from space 12288K, 99% used [0x000000074da80000,0x000000074e6682d0,0x000000074e680000)
  to   space 13824K, 0% used [0x000000074cd00000,0x000000074cd00000,0x000000074da80000)
 ParOldGen       total 157696K, used 7465K [0x0000000642400000, 0x000000064be00000, 0x0000000740c00000)
  object space 157696K, 4% used [0x0000000642400000,0x0000000642b4a480,0x000000064be00000)
 Metaspace       used 33254K, capacity 35420K, committed 35496K, reserved 1081344K
  class space    used 4200K, capacity 4600K, committed 4608K, reserved 1048576K
}
Event: 5.740 GC heap before
{Heap before GC invocations=8 (full 2):
 PSYoungGen      total 209920K, used 12192K [0x0000000740c00000, 0x0000000752280000, 0x00000007c0000000)
  eden space 197632K, 0% used [0x0000000740c00000,0x0000000740c00000,0x000000074cd00000)
  from space 12288K, 99% used [0x000000074da80000,0x000000074e6682d0,0x000000074e680000)
  to   space 13824K, 0% used [0x000000074cd00000,0x000000074cd00000,0x000000074da80000)
 ParOldGen       total 157696K, used 7465K [0x0000000642400000, 0x000000064be00000, 0x0000000740c00000)
  object space 157696K, 4% used [0x0000000642400000,0x0000000642b4a480,0x000000064be00000)
 Metaspace       used 33254K, capacity 35420K, committed 35496K, reserved 1081344K
  class space    used 4200K, capacity 4600K, committed 4608K, reserved 1048576K
Event: 5.792 GC heap after
Heap after GC invocations=8 (full 2):
 PSYoungGen      total 209920K, used 0K [0x0000000740c00000, 0x0000000752280000, 0x00000007c0000000)
  eden space 197632K, 0% used [0x0000000740c00000,0x0000000740c00000,0x000000074cd00000)
  from space 12288K, 0% used [0x000000074da80000,0x000000074da80000,0x000000074e680000)
  to   space 13824K, 0% used [0x000000074cd00000,0x000000074cd00000,0x000000074da80000)
 ParOldGen       total 255488K, used 15985K [0x0000000642400000, 0x0000000651d80000, 0x0000000740c00000)
  object space 255488K, 6% used [0x0000000642400000,0x000000064339c588,0x0000000651d80000)
 Metaspace       used 33254K, capacity 35420K, committed 35496K, reserved 1081344K
  class space    used 4200K, capacity 4600K, committed 4608K, reserved 1048576K
}

