# JRE version: Java(TM) SE Runtime Environment (8.0_191-b12) (build 1.8.0_191-b12)
# Java VM: Java HotSpot(TM) 64-Bit Server VM (25.191-b12 mixed mode windows-amd64 compressed oops)
Heap:
 PSYoungGen      total 153600K, used 111249K [0x0000000740c00000, 0x000000074e080000, 0x00000007c0000000)
  eden space 148480K, 71% used [0x0000000740c00000,0x00000007473cb0c0,0x0000000749d00000)
  from space 5120K, 96% used [0x000000074db80000,0x000000074e059448,0x000000074e080000)
  to   space 15872K, 0% used [0x000000074c180000,0x000000074c180000,0x000000074d100000)
 ParOldGen       total 152064K, used 7410K [0x0000000642400000, 0x000000064b880000, 0x0000000740c00000)
  object space 152064K, 4% used [0x0000000642400000,0x0000000642b3cb28,0x000000064b880000)
 Metaspace       used 27361K, capacity 28748K, committed 29056K, reserved 1075200K
  class space    used 3357K, capacity 3658K, committed 3712K, reserved 1048576K
GC Heap History (10 events):
Event: 0.880 GC heap before
{Heap before GC invocations=1 (full 0):
 PSYoungGen      total 114176K, used 98304K [0x0000000740c00000, 0x0000000748b00000, 0x00000007c0000000)
  eden space 98304K, 100% used [0x0000000740c00000,0x0000000746c00000,0x0000000746c00000)
  from space 15872K, 0% used [0x0000000747b80000,0x0000000747b80000,0x0000000748b00000)
  to   space 15872K, 0% used [0x0000000746c00000,0x0000000746c00000,0x0000000747b80000)
 ParOldGen       total 261120K, used 0K [0x0000000642400000, 0x0000000652300000, 0x0000000740c00000)
  object space 261120K, 0% used [0x0000000642400000,0x0000000642400000,0x0000000652300000)
 Metaspace       used 9903K, capacity 10072K, committed 10240K, reserved 1058816K
  class space    used 1098K, capacity 1159K, committed 1280K, reserved 1048576K
Event: 0.885 GC heap after
Heap after GC invocations=1 (full 0):
 PSYoungGen      total 114176K, used 6242K [0x0000000740c00000, 0x0000000748b00000, 0x00000007c0000000)
  eden space 98304K, 0% used [0x0000000740c00000,0x0000000740c00000,0x0000000746c00000)
  from space 15872K, 39% used [0x0000000746c00000,0x00000007472189d0,0x0000000747b80000)
  to   space 15872K, 0% used [0x0000000747b80000,0x0000000747b80000,0x0000000748b00000)
 ParOldGen       total 261120K, used 16K [0x0000000642400000, 0x0000000652300000, 0x0000000740c00000)
  object space 261120K, 0% used [0x0000000642400000,0x0000000642404000,0x0000000652300000)
 Metaspace       used 9903K, capacity 10072K, committed 10240K, reserved 1058816K
  class space    used 1098K, capacity 1159K, committed 1280K, reserved 1048576K
}
Event: 1.447 GC heap before
{Heap before GC invocations=2 (full 0):
 PSYoungGen      total 114176K, used 104546K [0x0000000740c00000, 0x0000000748b00000, 0x00000007c0000000)
  eden space 98304K, 100% used [0x0000000740c00000,0x0000000746c00000,0x0000000746c00000)
  from space 15872K, 39% used [0x0000000746c00000,0x00000007472189d0,0x0000000747b80000)
  to   space 15872K, 0% used [0x0000000747b80000,0x0000000747b80000,0x0000000748b00000)
 ParOldGen       total 261120K, used 16K [0x0000000642400000, 0x0000000652300000, 0x0000000740c00000)
  object space 261120K, 0% used [0x0000000642400000,0x0000000642404000,0x0000000652300000)
 Metaspace       used 17332K, capacity 18060K, committed 18176K, reserved 1064960K
  class space    used 2045K, capacity 2211K, committed 2304K, reserved 1048576K
Event: 1.454 GC heap after
Heap after GC invocations=2 (full 0):
 PSYoungGen      total 114176K, used 9009K [0x0000000740c00000, 0x0000000748b00000, 0x00000007c0000000)
  eden space 98304K, 0% used [0x0000000740c00000,0x0000000740c00000,0x0000000746c00000)
  from space 15872K, 56% used [0x0000000747b80000,0x000000074844c7a0,0x0000000748b00000)
  to   space 15872K, 0% used [0x0000000746c00000,0x0000000746c00000,0x0000000747b80000)
 ParOldGen       total 261120K, used 24K [0x0000000642400000, 0x0000000652300000, 0x0000000740c00000)
  object space 261120K, 0% used [0x0000000642400000,0x0000000642406000,0x0000000652300000)
 Metaspace       used 17332K, capacity 18060K, committed 18176K, reserved 1064960K
  class space    used 2045K, capacity 2211K, committed 2304K, reserved 1048576K
}
Event: 1.649 GC heap before
{Heap before GC invocations=3 (full 0):
 PSYoungGen      total 114176K, used 64346K [0x0000000740c00000, 0x0000000748b00000, 0x00000007c0000000)
  eden space 98304K, 56% used [0x0000000740c00000,0x000000074420a2e8,0x0000000746c00000)
  from space 15872K, 56% used [0x0000000747b80000,0x000000074844c7a0,0x0000000748b00000)
  to   space 15872K, 0% used [0x0000000746c00000,0x0000000746c00000,0x0000000747b80000)
 ParOldGen       total 261120K, used 24K [0x0000000642400000, 0x0000000652300000, 0x0000000740c00000)
  object space 261120K, 0% used [0x0000000642400000,0x0000000642406000,0x0000000652300000)
 Metaspace       used 20452K, capacity 21224K, committed 21296K, reserved 1069056K
  class space    used 2483K, capacity 2687K, committed 2688K, reserved 1048576K
Event: 1.654 GC heap after
Heap after GC invocations=3 (full 0):
 PSYoungGen      total 114176K, used 7813K [0x0000000740c00000, 0x000000074eb00000, 0x00000007c0000000)
  eden space 98304K, 0% used [0x0000000740c00000,0x0000000740c00000,0x0000000746c00000)
  from space 15872K, 49% used [0x0000000746c00000,0x00000007473a1420,0x0000000747b80000)
  to   space 15872K, 0% used [0x000000074db80000,0x000000074db80000,0x000000074eb00000)
 ParOldGen       total 261120K, used 32K [0x0000000642400000, 0x0000000652300000, 0x0000000740c00000)
  object space 261120K, 0% used [0x0000000642400000,0x0000000642408000,0x0000000652300000)
 Metaspace       used 20452K, capacity 21224K, committed 21296K, reserved 1069056K
  class space    used 2483K, capacity 2687K, committed 2688K, reserved 1048576K
}
Event: 1.655 GC heap before
{Heap before GC invocations=4 (full 1):
 PSYoungGen      total 114176K, used 7813K [0x0000000740c00000, 0x000000074eb00000, 0x00000007c0000000)
  eden space 98304K, 0% used [0x0000000740c00000,0x0000000740c00000,0x0000000746c00000)
  from space 15872K, 49% used [0x0000000746c00000,0x00000007473a1420,0x0000000747b80000)
  to   space 15872K, 0% used [0x000000074db80000,0x000000074db80000,0x000000074eb00000)
 ParOldGen       total 261120K, used 32K [0x0000000642400000, 0x0000000652300000, 0x0000000740c00000)
  object space 261120K, 0% used [0x0000000642400000,0x0000000642408000,0x0000000652300000)
 Metaspace       used 20452K, capacity 21224K, committed 21296K, reserved 1069056K
  class space    used 2483K, capacity 2687K, committed 2688K, reserved 1048576K
Event: 1.674 GC heap after
Heap after GC invocations=4 (full 1):
 PSYoungGen      total 114176K, used 0K [0x0000000740c00000, 0x000000074eb00000, 0x00000007c0000000)
  eden space 98304K, 0% used [0x0000000740c00000,0x0000000740c00000,0x0000000746c00000)
  from space 15872K, 0% used [0x0000000746c00000,0x0000000746c00000,0x0000000747b80000)
  to   space 15872K, 0% used [0x000000074db80000,0x000000074db80000,0x000000074eb00000)
 ParOldGen       total 152064K, used 7402K [0x0000000642400000, 0x000000064b880000, 0x0000000740c00000)
  object space 152064K, 4% used [0x0000000642400000,0x0000000642b3ab28,0x000000064b880000)
 Metaspace       used 20452K, capacity 21224K, committed 21296K, reserved 1069056K
  class space    used 2483K, capacity 2687K, committed 2688K, reserved 1048576K
}
Event: 2.218 GC heap before
{Heap before GC invocations=5 (full 1):
 PSYoungGen      total 114176K, used 98304K [0x0000000740c00000, 0x000000074eb00000, 0x00000007c0000000)
  eden space 98304K, 100% used [0x0000000740c00000,0x0000000746c00000,0x0000000746c00000)
  from space 15872K, 0% used [0x0000000746c00000,0x0000000746c00000,0x0000000747b80000)
  to   space 15872K, 0% used [0x000000074db80000,0x000000074db80000,0x000000074eb00000)
 ParOldGen       total 152064K, used 7402K [0x0000000642400000, 0x000000064b880000, 0x0000000740c00000)
  object space 152064K, 4% used [0x0000000642400000,0x0000000642b3ab28,0x000000064b880000)
 Metaspace       used 23066K, capacity 24024K, committed 24320K, reserved 1071104K
  class space    used 2781K, capacity 3012K, committed 3072K, reserved 1048576K
Event: 2.222 GC heap after
Heap after GC invocations=5 (full 1):
 PSYoungGen      total 153600K, used 4965K [0x0000000740c00000, 0x000000074e080000, 0x00000007c0000000)
  eden space 148480K, 0% used [0x0000000740c00000,0x0000000740c00000,0x0000000749d00000)
  from space 5120K, 96% used [0x000000074db80000,0x000000074e059448,0x000000074e080000)
  to   space 15872K, 0% used [0x000000074c180000,0x000000074c180000,0x000000074d100000)
 ParOldGen       total 152064K, used 7410K [0x0000000642400000, 0x000000064b880000, 0x0000000740c00000)
  object space 152064K, 4% used [0x0000000642400000,0x0000000642b3cb28,0x000000064b880000)
 Metaspace       used 23066K, capacity 24024K, committed 24320K, reserved 1071104K
  class space    used 2781K, capacity 3012K, committed 3072K, reserved 1048576K
}

