# JRE version: Java(TM) SE Runtime Environment (8.0_191-b12) (build 1.8.0_191-b12)
# Java VM: Java HotSpot(TM) 64-Bit Server VM (25.191-b12 mixed mode windows-amd64 compressed oops)
Heap:
 PSYoungGen      total 154112K, used 138314K [0x0000000740c00000, 0x000000074e080000, 0x00000007c0000000)
  eden space 148992K, 89% used [0x0000000740c00000,0x0000000748e2dcc0,0x0000000749d80000)
  from space 5120K, 97% used [0x000000074db80000,0x000000074e064cf8,0x000000074e080000)
  to   space 15872K, 0% used [0x000000074c180000,0x000000074c180000,0x000000074d100000)
 ParOldGen       total 152064K, used 7525K [0x0000000642400000, 0x000000064b880000, 0x0000000740c00000)
  object space 152064K, 4% used [0x0000000642400000,0x0000000642b59580,0x000000064b880000)
 Metaspace       used 28351K, capacity 29846K, committed 29952K, reserved 1075200K
  class space    used 3501K, capacity 3799K, committed 3840K, reserved 1048576K
GC Heap History (10 events):
Event: 1.112 GC heap before
{Heap before GC invocations=1 (full 0):
 PSYoungGen      total 114176K, used 98304K [0x0000000740c00000, 0x0000000748b00000, 0x00000007c0000000)
  eden space 98304K, 100% used [0x0000000740c00000,0x0000000746c00000,0x0000000746c00000)
  from space 15872K, 0% used [0x0000000747b80000,0x0000000747b80000,0x0000000748b00000)
  to   space 15872K, 0% used [0x0000000746c00000,0x0000000746c00000,0x0000000747b80000)
 ParOldGen       total 261120K, used 0K [0x0000000642400000, 0x0000000652300000, 0x0000000740c00000)
  object space 261120K, 0% used [0x0000000642400000,0x0000000642400000,0x0000000652300000)
 Metaspace       used 9955K, capacity 10152K, committed 10496K, reserved 1058816K
  class space    used 1099K, capacity 1188K, committed 1280K, reserved 1048576K
Event: 1.117 GC heap after
Heap after GC invocations=1 (full 0):
 PSYoungGen      total 114176K, used 6256K [0x0000000740c00000, 0x0000000748b00000, 0x00000007c0000000)
  eden space 98304K, 0% used [0x0000000740c00000,0x0000000740c00000,0x0000000746c00000)
  from space 15872K, 39% used [0x0000000746c00000,0x000000074721c030,0x0000000747b80000)
  to   space 15872K, 0% used [0x0000000747b80000,0x0000000747b80000,0x0000000748b00000)
 ParOldGen       total 261120K, used 16K [0x0000000642400000, 0x0000000652300000, 0x0000000740c00000)
  object space 261120K, 0% used [0x0000000642400000,0x0000000642404000,0x0000000652300000)
 Metaspace       used 9955K, capacity 10152K, committed 10496K, reserved 1058816K
  class space    used 1099K, capacity 1188K, committed 1280K, reserved 1048576K
}
Event: 1.853 GC heap before
{Heap before GC invocations=2 (full 0):
 PSYoungGen      total 114176K, used 104560K [0x0000000740c00000, 0x0000000748b00000, 0x00000007c0000000)
  eden space 98304K, 100% used [0x0000000740c00000,0x0000000746c00000,0x0000000746c00000)
  from space 15872K, 39% used [0x0000000746c00000,0x000000074721c030,0x0000000747b80000)
  to   space 15872K, 0% used [0x0000000747b80000,0x0000000747b80000,0x0000000748b00000)
 ParOldGen       total 261120K, used 16K [0x0000000642400000, 0x0000000652300000, 0x0000000740c00000)
  object space 261120K, 0% used [0x0000000642400000,0x0000000642404000,0x0000000652300000)
 Metaspace       used 17165K, capacity 17932K, committed 18176K, reserved 1064960K
  class space    used 2022K, capacity 2211K, committed 2304K, reserved 1048576K
Event: 1.859 GC heap after
Heap after GC invocations=2 (full 0):
 PSYoungGen      total 114176K, used 9209K [0x0000000740c00000, 0x0000000748b00000, 0x00000007c0000000)
  eden space 98304K, 0% used [0x0000000740c00000,0x0000000740c00000,0x0000000746c00000)
  from space 15872K, 58% used [0x0000000747b80000,0x000000074847e768,0x0000000748b00000)
  to   space 15872K, 0% used [0x0000000746c00000,0x0000000746c00000,0x0000000747b80000)
 ParOldGen       total 261120K, used 24K [0x0000000642400000, 0x0000000652300000, 0x0000000740c00000)
  object space 261120K, 0% used [0x0000000642400000,0x0000000642406000,0x0000000652300000)
 Metaspace       used 17165K, capacity 17932K, committed 18176K, reserved 1064960K
  class space    used 2022K, capacity 2211K, committed 2304K, reserved 1048576K
}
Event: 2.115 GC heap before
{Heap before GC invocations=3 (full 0):
 PSYoungGen      total 114176K, used 66786K [0x0000000740c00000, 0x0000000748b00000, 0x00000007c0000000)
  eden space 98304K, 58% used [0x0000000740c00000,0x000000074443a2d8,0x0000000746c00000)
  from space 15872K, 58% used [0x0000000747b80000,0x000000074847e768,0x0000000748b00000)
  to   space 15872K, 0% used [0x0000000746c00000,0x0000000746c00000,0x0000000747b80000)
 ParOldGen       total 261120K, used 24K [0x0000000642400000, 0x0000000652300000, 0x0000000740c00000)
  object space 261120K, 0% used [0x0000000642400000,0x0000000642406000,0x0000000652300000)
 Metaspace       used 20427K, capacity 21220K, committed 21296K, reserved 1069056K
  class space    used 2481K, capacity 2687K, committed 2688K, reserved 1048576K
Event: 2.121 GC heap after
Heap after GC invocations=3 (full 0):
 PSYoungGen      total 114176K, used 7856K [0x0000000740c00000, 0x000000074eb00000, 0x00000007c0000000)
  eden space 98304K, 0% used [0x0000000740c00000,0x0000000740c00000,0x0000000746c00000)
  from space 15872K, 49% used [0x0000000746c00000,0x00000007473ac390,0x0000000747b80000)
  to   space 15872K, 0% used [0x000000074db80000,0x000000074db80000,0x000000074eb00000)
 ParOldGen       total 261120K, used 32K [0x0000000642400000, 0x0000000652300000, 0x0000000740c00000)
  object space 261120K, 0% used [0x0000000642400000,0x0000000642408000,0x0000000652300000)
 Metaspace       used 20427K, capacity 21220K, committed 21296K, reserved 1069056K
  class space    used 2481K, capacity 2687K, committed 2688K, reserved 1048576K
}
Event: 2.121 GC heap before
{Heap before GC invocations=4 (full 1):
 PSYoungGen      total 114176K, used 7856K [0x0000000740c00000, 0x000000074eb00000, 0x00000007c0000000)
  eden space 98304K, 0% used [0x0000000740c00000,0x0000000740c00000,0x0000000746c00000)
  from space 15872K, 49% used [0x0000000746c00000,0x00000007473ac390,0x0000000747b80000)
  to   space 15872K, 0% used [0x000000074db80000,0x000000074db80000,0x000000074eb00000)
 ParOldGen       total 261120K, used 32K [0x0000000642400000, 0x0000000652300000, 0x0000000740c00000)
  object space 261120K, 0% used [0x0000000642400000,0x0000000642408000,0x0000000652300000)
 Metaspace       used 20427K, capacity 21220K, committed 21296K, reserved 1069056K
  class space    used 2481K, capacity 2687K, committed 2688K, reserved 1048576K
Event: 2.144 GC heap after
Heap after GC invocations=4 (full 1):
 PSYoungGen      total 114176K, used 0K [0x0000000740c00000, 0x000000074eb00000, 0x00000007c0000000)
  eden space 98304K, 0% used [0x0000000740c00000,0x0000000740c00000,0x0000000746c00000)
  from space 15872K, 0% used [0x0000000746c00000,0x0000000746c00000,0x0000000747b80000)
  to   space 15872K, 0% used [0x000000074db80000,0x000000074db80000,0x000000074eb00000)
 ParOldGen       total 152064K, used 7517K [0x0000000642400000, 0x000000064b880000, 0x0000000740c00000)
  object space 152064K, 4% used [0x0000000642400000,0x0000000642b57580,0x000000064b880000)
 Metaspace       used 20427K, capacity 21220K, committed 21296K, reserved 1069056K
  class space    used 2481K, capacity 2687K, committed 2688K, reserved 1048576K
}
Event: 2.667 GC heap before
{Heap before GC invocations=5 (full 1):
 PSYoungGen      total 114176K, used 98304K [0x0000000740c00000, 0x000000074eb00000, 0x00000007c0000000)
  eden space 98304K, 100% used [0x0000000740c00000,0x0000000746c00000,0x0000000746c00000)
  from space 15872K, 0% used [0x0000000746c00000,0x0000000746c00000,0x0000000747b80000)
  to   space 15872K, 0% used [0x000000074db80000,0x000000074db80000,0x000000074eb00000)
 ParOldGen       total 152064K, used 7517K [0x0000000642400000, 0x000000064b880000, 0x0000000740c00000)
  object space 152064K, 4% used [0x0000000642400000,0x0000000642b57580,0x000000064b880000)
 Metaspace       used 23045K, capacity 24104K, committed 24320K, reserved 1071104K
  class space    used 2773K, capacity 2998K, committed 3072K, reserved 1048576K
Event: 2.671 GC heap after
Heap after GC invocations=5 (full 1):
 PSYoungGen      total 154112K, used 5011K [0x0000000740c00000, 0x000000074e080000, 0x00000007c0000000)
  eden space 148992K, 0% used [0x0000000740c00000,0x0000000740c00000,0x0000000749d80000)
  from space 5120K, 97% used [0x000000074db80000,0x000000074e064cf8,0x000000074e080000)
  to   space 15872K, 0% used [0x000000074c180000,0x000000074c180000,0x000000074d100000)
 ParOldGen       total 152064K, used 7525K [0x0000000642400000, 0x000000064b880000, 0x0000000740c00000)
  object space 152064K, 4% used [0x0000000642400000,0x0000000642b59580,0x000000064b880000)
 Metaspace       used 23045K, capacity 24104K, committed 24320K, reserved 1071104K
  class space    used 2773K, capacity 2998K, committed 3072K, reserved 1048576K
}

