# JRE version: Java(TM) SE Runtime Environment (8.0_191-b12) (build 1.8.0_191-b12)
# Java VM: Java HotSpot(TM) 64-Bit Server VM (25.191-b12 mixed mode windows-amd64 compressed oops)
Heap:
 PSYoungGen      total 228352K, used 129384K [0x0000000740c00000, 0x0000000753300000, 0x00000007c0000000)
  eden space 215552K, 60% used [0x0000000740c00000,0x0000000748a5a148,0x000000074de80000)
  from space 12800K, 0% used [0x000000074ec80000,0x000000074ec80000,0x000000074f900000)
  to   space 14336K, 0% used [0x000000074de80000,0x000000074de80000,0x000000074ec80000)
 ParOldGen       total 244224K, used 16060K [0x0000000642400000, 0x0000000651280000, 0x0000000740c00000)
  object space 244224K, 6% used [0x0000000642400000,0x00000006433af2e8,0x0000000651280000)
 Metaspace       used 41425K, capacity 43852K, committed 44032K, reserved 1087488K
  class space    used 5385K, capacity 5819K, committed 5888K, reserved 1048576K
GC Heap History (10 events):
Event: 1.775 GC heap before
{Heap before GC invocations=4 (full 1):
 PSYoungGen      total 114176K, used 7893K [0x0000000740c00000, 0x000000074eb00000, 0x00000007c0000000)
  eden space 98304K, 0% used [0x0000000740c00000,0x0000000740c00000,0x0000000746c00000)
  from space 15872K, 49% used [0x0000000746c00000,0x00000007473b5760,0x0000000747b80000)
  to   space 15872K, 0% used [0x000000074db80000,0x000000074db80000,0x000000074eb00000)
 ParOldGen       total 261120K, used 63K [0x0000000642400000, 0x0000000652300000, 0x0000000740c00000)
  object space 261120K, 0% used [0x0000000642400000,0x000000064240fc10,0x0000000652300000)
 Metaspace       used 20454K, capacity 21224K, committed 21296K, reserved 1069056K
  class space    used 2481K, capacity 2687K, committed 2688K, reserved 1048576K
Event: 1.798 GC heap after
Heap after GC invocations=4 (full 1):
 PSYoungGen      total 114176K, used 0K [0x0000000740c00000, 0x000000074eb00000, 0x00000007c0000000)
  eden space 98304K, 0% used [0x0000000740c00000,0x0000000740c00000,0x0000000746c00000)
  from space 15872K, 0% used [0x0000000746c00000,0x0000000746c00000,0x0000000747b80000)
  to   space 15872K, 0% used [0x000000074db80000,0x000000074db80000,0x000000074eb00000)
 ParOldGen       total 152576K, used 7572K [0x0000000642400000, 0x000000064b900000, 0x0000000740c00000)
  object space 152576K, 4% used [0x0000000642400000,0x0000000642b65228,0x000000064b900000)
 Metaspace       used 20454K, capacity 21224K, committed 21296K, reserved 1069056K
  class space    used 2481K, capacity 2687K, committed 2688K, reserved 1048576K
}
Event: 2.310 GC heap before
{Heap before GC invocations=5 (full 1):
 PSYoungGen      total 114176K, used 98304K [0x0000000740c00000, 0x000000074eb00000, 0x00000007c0000000)
  eden space 98304K, 100% used [0x0000000740c00000,0x0000000746c00000,0x0000000746c00000)
  from space 15872K, 0% used [0x0000000746c00000,0x0000000746c00000,0x0000000747b80000)
  to   space 15872K, 0% used [0x000000074db80000,0x000000074db80000,0x000000074eb00000)
 ParOldGen       total 152576K, used 7581K [0x0000000642400000, 0x000000064b900000, 0x0000000740c00000)
  object space 152576K, 4% used [0x0000000642400000,0x0000000642b67410,0x000000064b900000)
 Metaspace       used 23101K, capacity 24084K, committed 24320K, reserved 1071104K
  class space    used 2779K, capacity 3012K, committed 3072K, reserved 1048576K
Event: 2.314 GC heap after
Heap after GC invocations=5 (full 1):
 PSYoungGen      total 152576K, used 4961K [0x0000000740c00000, 0x000000074e080000, 0x00000007c0000000)
  eden space 147456K, 0% used [0x0000000740c00000,0x0000000740c00000,0x0000000749c00000)
  from space 5120K, 96% used [0x000000074db80000,0x000000074e0585c8,0x000000074e080000)
  to   space 15872K, 0% used [0x000000074c180000,0x000000074c180000,0x000000074d100000)
 ParOldGen       total 152576K, used 7589K [0x0000000642400000, 0x000000064b900000, 0x0000000740c00000)
  object space 152576K, 4% used [0x0000000642400000,0x0000000642b69410,0x000000064b900000)
 Metaspace       used 23101K, capacity 24084K, committed 24320K, reserved 1071104K
  class space    used 2779K, capacity 3012K, committed 3072K, reserved 1048576K
}
Event: 3.913 GC heap before
{Heap before GC invocations=6 (full 1):
 PSYoungGen      total 152576K, used 152417K [0x0000000740c00000, 0x000000074e080000, 0x00000007c0000000)
  eden space 147456K, 100% used [0x0000000740c00000,0x0000000749c00000,0x0000000749c00000)
  from space 5120K, 96% used [0x000000074db80000,0x000000074e0585c8,0x000000074e080000)
  to   space 15872K, 0% used [0x000000074c180000,0x000000074c180000,0x000000074d100000)
 ParOldGen       total 152576K, used 7589K [0x0000000642400000, 0x000000064b900000, 0x0000000740c00000)
  object space 152576K, 4% used [0x0000000642400000,0x0000000642b69410,0x000000064b900000)
 Metaspace       used 29133K, capacity 30642K, committed 30848K, reserved 1077248K
  class space    used 3620K, capacity 3907K, committed 3968K, reserved 1048576K
Event: 3.925 GC heap after
Heap after GC invocations=6 (full 1):
 PSYoungGen      total 201728K, used 11867K [0x0000000740c00000, 0x000000074f900000, 0x00000007c0000000)
  eden space 185856K, 0% used [0x0000000740c00000,0x0000000740c00000,0x000000074c180000)
  from space 15872K, 74% used [0x000000074c180000,0x000000074cd16ea8,0x000000074d100000)
  to   space 12800K, 0% used [0x000000074ec80000,0x000000074ec80000,0x000000074f900000)
 ParOldGen       total 152576K, used 7597K [0x0000000642400000, 0x000000064b900000, 0x0000000740c00000)
  object space 152576K, 4% used [0x0000000642400000,0x0000000642b6b410,0x000000064b900000)
 Metaspace       used 29133K, capacity 30642K, committed 30848K, reserved 1077248K
  class space    used 3620K, capacity 3907K, committed 3968K, reserved 1048576K
}
Event: 5.592 GC heap before
{Heap before GC invocations=7 (full 1):
 PSYoungGen      total 201728K, used 168764K [0x0000000740c00000, 0x000000074f900000, 0x00000007c0000000)
  eden space 185856K, 84% used [0x0000000740c00000,0x000000074a538248,0x000000074c180000)
  from space 15872K, 74% used [0x000000074c180000,0x000000074cd16ea8,0x000000074d100000)
  to   space 12800K, 0% used [0x000000074ec80000,0x000000074ec80000,0x000000074f900000)
 ParOldGen       total 152576K, used 7597K [0x0000000642400000, 0x000000064b900000, 0x0000000740c00000)
  object space 152576K, 4% used [0x0000000642400000,0x0000000642b6b410,0x000000064b900000)
 Metaspace       used 33290K, capacity 35390K, committed 35496K, reserved 1081344K
  class space    used 4194K, capacity 4569K, committed 4608K, reserved 1048576K
Event: 5.611 GC heap after
Heap after GC invocations=7 (full 1):
 PSYoungGen      total 228352K, used 12148K [0x0000000740c00000, 0x0000000753300000, 0x00000007c0000000)
  eden space 215552K, 0% used [0x0000000740c00000,0x0000000740c00000,0x000000074de80000)
  from space 12800K, 94% used [0x000000074ec80000,0x000000074f85d188,0x000000074f900000)
  to   space 14336K, 0% used [0x000000074de80000,0x000000074de80000,0x000000074ec80000)
 ParOldGen       total 152576K, used 7605K [0x0000000642400000, 0x000000064b900000, 0x0000000740c00000)
  object space 152576K, 4% used [0x0000000642400000,0x0000000642b6d410,0x000000064b900000)
 Metaspace       used 33290K, capacity 35390K, committed 35496K, reserved 1081344K
  class space    used 4194K, capacity 4569K, committed 4608K, reserved 1048576K
}
Event: 5.611 GC heap before
{Heap before GC invocations=8 (full 2):
 PSYoungGen      total 228352K, used 12148K [0x0000000740c00000, 0x0000000753300000, 0x00000007c0000000)
  eden space 215552K, 0% used [0x0000000740c00000,0x0000000740c00000,0x000000074de80000)
  from space 12800K, 94% used [0x000000074ec80000,0x000000074f85d188,0x000000074f900000)
  to   space 14336K, 0% used [0x000000074de80000,0x000000074de80000,0x000000074ec80000)
 ParOldGen       total 152576K, used 7605K [0x0000000642400000, 0x000000064b900000, 0x0000000740c00000)
  object space 152576K, 4% used [0x0000000642400000,0x0000000642b6d410,0x000000064b900000)
 Metaspace       used 33290K, capacity 35390K, committed 35496K, reserved 1081344K
  class space    used 4194K, capacity 4569K, committed 4608K, reserved 1048576K
Event: 5.677 GC heap after
Heap after GC invocations=8 (full 2):
 PSYoungGen      total 228352K, used 0K [0x0000000740c00000, 0x0000000753300000, 0x00000007c0000000)
  eden space 215552K, 0% used [0x0000000740c00000,0x0000000740c00000,0x000000074de80000)
  from space 12800K, 0% used [0x000000074ec80000,0x000000074ec80000,0x000000074f900000)
  to   space 14336K, 0% used [0x000000074de80000,0x000000074de80000,0x000000074ec80000)
 ParOldGen       total 244224K, used 16060K [0x0000000642400000, 0x0000000651280000, 0x0000000740c00000)
  object space 244224K, 6% used [0x0000000642400000,0x00000006433af2e8,0x0000000651280000)
 Metaspace       used 33290K, capacity 35390K, committed 35496K, reserved 1081344K
  class space    used 4194K, capacity 4569K, committed 4608K, reserved 1048576K
}

